<?xml version="1.0" encoding="UTF-8"?>
<testsuite name="GroceryItemTest" tests="3" skipped="0" failures="0" errors="0" timestamp="2022-10-04T01:07:55" hostname="LAPTOP-C3RH6R99" time="0.062">
  <properties/>
  <testcase name="grapesShouldHaveAPriceof4AfterA20PercentSale()" classname="GroceryItemTest" time="0.055"/>
  <testcase name="shouldHaveAnItemNameOfGrapesDeptOfProducePrice5AndNotOnSale()" classname="GroceryItemTest" time="0.002"/>
  <testcase name="grapesShouldHaveAPriceOf3AfterA25PercentSale()" classname="GroceryItemTest" time="0.002"/>
  <system-out><![CDATA[]]></system-out>
  <system-err><![CDATA[]]></system-err>
</testsuite>
